1 0.000012 1.000539 473.959749
2 0.000014 1.012566 468.245339
3 0.000017 1.026818 462.531039
4 0.000021 1.043670 456.816848
5 0.000025 1.063550 451.102766
6 0.000030 1.086937 445.388790
7 0.000036 1.114365 439.674919
8 0.000043 1.146427 433.961153
9 0.000052 1.183773 428.247490
10 0.000062 1.227107 422.533928
11 0.000075 1.277191 416.820468
12 0.000090 1.334839 411.107107
13 0.000108 1.400917 405.393844
14 0.000129 1.476346 399.680679
15 0.000155 1.562097 393.967610
16 0.000186 1.659200 388.254635
17 0.000224 1.768750 382.541754
18 0.000268 1.891907 376.828965
19 0.000322 2.029916 371.116267
20 0.000387 2.184113 365.403660
21 0.000464 2.355939 359.691141
22 0.000558 2.546956 353.978710
23 0.000669 2.758866 348.266365
24 0.000804 2.993521 342.554106
25 0.000965 3.252951 336.841930
26 0.001158 3.539378 331.129837
27 0.001390 3.855236 325.417826
28 0.001669 4.203200 319.705896
29 0.002004 4.586203 313.994045
30 0.002406 5.007466 308.282272
31 0.002888 5.470525 302.570575
32 0.003468 5.979262 296.858955
33 0.004163 6.537938 291.147409
34 0.004998 7.151229 285.435936
35 0.006000 7.824266 279.724536
36 0.007204 8.562678 274.013207
37 0.008648 9.372639 268.301947
38 0.010383 10.260921 262.590757
39 0.012465 11.234949 256.879634
40 0.014964 12.302864 251.168578
41 0.017965 13.473592 245.457588
42 0.021568 14.756918 239.746663
43 0.025893 16.163568 234.035802
44 0.031086 17.705297 228.325005
45 0.037320 19.394990 222.614272
46 0.044804 21.246770 216.903603
47 0.053789 23.276111 211.192998
48 0.064576 25.499973 205.482460
49 0.077526 27.936941 199.771990
50 0.093073 30.607382 194.061594
51 0.111738 33.533612 188.351278
52 0.134146 36.740088 182.641052
53 0.161048 40.253605 176.930928
54 0.193344 44.103527 171.220928
55 0.232117 48.322028 165.511079
56 0.278666 52.944362 159.801421
57 0.334549 58.009160 154.092010
58 0.401640 63.558749 148.382924
59 0.482185 69.639506 142.674271
60 0.578882 76.302250 136.966203
61 0.694970 83.602663 131.258929
62 0.834340 91.601754 125.552740
63 1.001658 100.366374 119.848036
64 1.202530 109.969769 114.145370
65 1.443685 120.492197 108.445499
66 1.733201 132.021594 102.749463
67 2.080776 144.654313 97.058683
68 2.498054 158.495928 91.375090
69 2.999013 173.662116 85.701309
70 3.600434 190.279621 80.040883
71 4.322463 208.487319 74.398577
72 5.189289 228.437374 68.780762
73 6.229947 250.296511 63.195901
74 7.479298 274.247410 57.655150
75 8.979193 300.490232 52.173085
76 10.779877 329.244292 46.768533
77 12.941670 360.749891 41.465498
78 15.536988 395.270326 36.294082
79 18.652769 433.094089 31.291273
80 22.393388 474.537279 26.501376
81 26.884150 519.946240 21.975745
82 32.275487 569.700464 17.771408
83 38.748001 624.215751 13.948096
84 46.518511 683.947695 10.563324
85 55.847315 749.395483 7.665436
86 67.046915 821.106070 5.285214
87 80.492478 899.678753 3.427547
88 96.634409 985.770174 2.065572
89 116.013437 1080.099810 1.140146
90 139.278727 1183.455987 0.566618
91 167.209631 1296.702467 0.248431
92 200.741787 1420.785666 0.093823
93 240.998469 1556.742564 0.029677
94 289.328210 1705.709372 0.007609
95 347.349980 1868.931025 0.001523
96 417.007414 2047.771589 0.000228
97 500.633923 2243.725659 0.000024
98 601.030860 2458.430849 0.000002
99 721.561361 2693.681481 0.000000
100 866.263004 2951.443575 0.000000
